0 info it worked if it ends with ok
1 verbose cli [ 'C:\\Program Files\\nodejs\\\\node.exe',
1 verbose cli   'C:\\Program Files\\nodejs\\node_modules\\npm\\bin\\npm-cli.js',
1 verbose cli   'install' ]
2 info using npm@1.4.28
3 info using node@v0.10.34
4 verbose node symlink C:\Program Files\nodejs\\node.exe
5 warn package.json Cud@0.0.1 No README data
6 verbose readDependencies using package.json deps
7 verbose install where, deps [ 'C:\\Users\\dcjacobs\\Dropbox\\Files\\cud',
7 verbose install   [ 'watch', 'node-twitter-api', 'underscore' ] ]
8 info preinstall Cud@0.0.1
9 verbose readDependencies using package.json deps
10 verbose cache add [ 'watch@^0.13.1', null ]
11 verbose cache add name=undefined spec="watch@^0.13.1" args=["watch@^0.13.1",null]
12 verbose parsed url { protocol: null,
12 verbose parsed url   slashes: null,
12 verbose parsed url   auth: null,
12 verbose parsed url   host: null,
12 verbose parsed url   port: null,
12 verbose parsed url   hostname: null,
12 verbose parsed url   hash: null,
12 verbose parsed url   search: null,
12 verbose parsed url   query: null,
12 verbose parsed url   pathname: 'watch@^0.13.1',
12 verbose parsed url   path: 'watch@^0.13.1',
12 verbose parsed url   href: 'watch@^0.13.1' }
13 verbose cache add [ 'node-twitter-api@^1.5.0', null ]
14 verbose cache add name=undefined spec="node-twitter-api@^1.5.0" args=["node-twitter-api@^1.5.0",null]
15 verbose parsed url { protocol: null,
15 verbose parsed url   slashes: null,
15 verbose parsed url   auth: null,
15 verbose parsed url   host: null,
15 verbose parsed url   port: null,
15 verbose parsed url   hostname: null,
15 verbose parsed url   hash: null,
15 verbose parsed url   search: null,
15 verbose parsed url   query: null,
15 verbose parsed url   pathname: 'node-twitter-api@^1.5.0',
15 verbose parsed url   path: 'node-twitter-api@^1.5.0',
15 verbose parsed url   href: 'node-twitter-api@^1.5.0' }
16 verbose cache add [ 'underscore@^1.6.0', null ]
17 verbose cache add name=undefined spec="underscore@^1.6.0" args=["underscore@^1.6.0",null]
18 verbose parsed url { protocol: null,
18 verbose parsed url   slashes: null,
18 verbose parsed url   auth: null,
18 verbose parsed url   host: null,
18 verbose parsed url   port: null,
18 verbose parsed url   hostname: null,
18 verbose parsed url   hash: null,
18 verbose parsed url   search: null,
18 verbose parsed url   query: null,
18 verbose parsed url   pathname: 'underscore@^1.6.0',
18 verbose parsed url   path: 'underscore@^1.6.0',
18 verbose parsed url   href: 'underscore@^1.6.0' }
19 verbose cache add name="watch" spec="^0.13.1" args=["watch","^0.13.1"]
20 verbose parsed url { protocol: null,
20 verbose parsed url   slashes: null,
20 verbose parsed url   auth: null,
20 verbose parsed url   host: null,
20 verbose parsed url   port: null,
20 verbose parsed url   hostname: null,
20 verbose parsed url   hash: null,
20 verbose parsed url   search: null,
20 verbose parsed url   query: null,
20 verbose parsed url   pathname: '^0.13.1',
20 verbose parsed url   path: '^0.13.1',
20 verbose parsed url   href: '^0.13.1' }
21 verbose addNamed [ 'watch', '^0.13.1' ]
22 verbose addNamed [ null, '>=0.13.1-0 <0.14.0-0' ]
23 verbose cache add name="node-twitter-api" spec="^1.5.0" args=["node-twitter-api","^1.5.0"]
24 verbose parsed url { protocol: null,
24 verbose parsed url   slashes: null,
24 verbose parsed url   auth: null,
24 verbose parsed url   host: null,
24 verbose parsed url   port: null,
24 verbose parsed url   hostname: null,
24 verbose parsed url   hash: null,
24 verbose parsed url   search: null,
24 verbose parsed url   query: null,
24 verbose parsed url   pathname: '^1.5.0',
24 verbose parsed url   path: '^1.5.0',
24 verbose parsed url   href: '^1.5.0' }
25 verbose addNamed [ 'node-twitter-api', '^1.5.0' ]
26 verbose addNamed [ null, '>=1.5.0-0 <2.0.0-0' ]
27 verbose cache add name="underscore" spec="^1.6.0" args=["underscore","^1.6.0"]
28 verbose parsed url { protocol: null,
28 verbose parsed url   slashes: null,
28 verbose parsed url   auth: null,
28 verbose parsed url   host: null,
28 verbose parsed url   port: null,
28 verbose parsed url   hostname: null,
28 verbose parsed url   hash: null,
28 verbose parsed url   search: null,
28 verbose parsed url   query: null,
28 verbose parsed url   pathname: '^1.6.0',
28 verbose parsed url   path: '^1.6.0',
28 verbose parsed url   href: '^1.6.0' }
29 verbose addNamed [ 'underscore', '^1.6.0' ]
30 verbose addNamed [ null, '>=1.6.0-0 <2.0.0-0' ]
31 silly lockFile 182d7674-watch-0-13-1 watch@^0.13.1
32 verbose lock watch@^0.13.1 C:\Users\dcjacobs\AppData\Roaming\npm-cache\182d7674-watch-0-13-1.lock
33 silly lockFile f237fde2-node-twitter-api-1-5-0 node-twitter-api@^1.5.0
34 verbose lock node-twitter-api@^1.5.0 C:\Users\dcjacobs\AppData\Roaming\npm-cache\f237fde2-node-twitter-api-1-5-0.lock
35 silly lockFile 523107c6-underscore-1-6-0 underscore@^1.6.0
36 verbose lock underscore@^1.6.0 C:\Users\dcjacobs\AppData\Roaming\npm-cache\523107c6-underscore-1-6-0.lock
37 silly addNameRange { name: 'underscore',
37 silly addNameRange   range: '>=1.6.0-0 <2.0.0-0',
37 silly addNameRange   hasData: false }
38 silly addNameRange { name: 'watch', range: '>=0.13.1-0 <0.14.0-0', hasData: false }
39 verbose request where is /watch
40 verbose request registry https://registry.npmjs.org/
41 verbose request id d36b3b7874f3d458
42 verbose url raw /watch
43 verbose url resolving [ 'https://registry.npmjs.org/', './watch' ]
44 verbose url resolved https://registry.npmjs.org/watch
45 verbose request where is https://registry.npmjs.org/watch
46 info trying registry request attempt 1 at 07:33:22
47 http GET https://registry.npmjs.org/watch
48 silly addNameRange { name: 'node-twitter-api',
48 silly addNameRange   range: '>=1.5.0-0 <2.0.0-0',
48 silly addNameRange   hasData: false }
49 verbose request where is /node-twitter-api
50 verbose request registry https://registry.npmjs.org/
51 verbose url raw /node-twitter-api
52 verbose url resolving [ 'https://registry.npmjs.org/', './node-twitter-api' ]
53 verbose url resolved https://registry.npmjs.org/node-twitter-api
54 verbose request where is https://registry.npmjs.org/node-twitter-api
55 info trying registry request attempt 1 at 07:33:22
56 http GET https://registry.npmjs.org/node-twitter-api
57 verbose request where is /underscore
58 verbose request registry https://registry.npmjs.org/
59 verbose url raw /underscore
60 verbose url resolving [ 'https://registry.npmjs.org/', './underscore' ]
61 verbose url resolved https://registry.npmjs.org/underscore
62 verbose request where is https://registry.npmjs.org/underscore
63 info trying registry request attempt 1 at 07:33:22
64 verbose etag "6DF4HQZM9695U3P5KK34A5U8A"
65 http GET https://registry.npmjs.org/underscore
66 http 200 https://registry.npmjs.org/watch
67 silly registry.get cb [ 200,
67 silly registry.get   { date: 'Fri, 06 Feb 2015 13:33:14 GMT',
67 silly registry.get     server: 'CouchDB/1.5.0 (Erlang OTP/R16B03)',
67 silly registry.get     etag: '"65DGXKQ8CNQJC177HVQPA9Q4B"',
67 silly registry.get     'content-type': 'application/json',
67 silly registry.get     'cache-control': 'max-age=60',
67 silly registry.get     'content-length': '18827',
67 silly registry.get     'accept-ranges': 'bytes',
67 silly registry.get     via: '1.1 varnish',
67 silly registry.get     age: '18',
67 silly registry.get     'x-served-by': 'cache-dfw1834-DFW',
67 silly registry.get     'x-cache': 'HIT',
67 silly registry.get     'x-cache-hits': '1',
67 silly registry.get     'x-timer': 'S1423229594.872669,VS0,VE0',
67 silly registry.get     vary: 'Accept',
67 silly registry.get     'keep-alive': 'timeout=10, max=50',
67 silly registry.get     connection: 'Keep-Alive' } ]
68 silly addNameRange number 2 { name: 'watch', range: '>=0.13.1-0 <0.14.0-0', hasData: true }
69 silly addNameRange versions [ 'watch',
69 silly addNameRange   [ '0.1.0',
69 silly addNameRange     '0.2.0',
69 silly addNameRange     '0.2.1',
69 silly addNameRange     '0.3.0',
69 silly addNameRange     '0.3.1',
69 silly addNameRange     '0.3.2',
69 silly addNameRange     '0.3.3',
69 silly addNameRange     '0.4.0',
69 silly addNameRange     '0.5.0',
69 silly addNameRange     '0.5.1',
69 silly addNameRange     '0.6.0',
69 silly addNameRange     '0.7.0',
69 silly addNameRange     '0.8.0',
69 silly addNameRange     '0.9.0',
69 silly addNameRange     '0.10.0',
69 silly addNameRange     '0.11.0',
69 silly addNameRange     '0.12.0',
69 silly addNameRange     '0.13.0' ] ]
70 silly lockFile 182d7674-watch-0-13-1 watch@^0.13.1
71 silly lockFile 182d7674-watch-0-13-1 watch@^0.13.1
72 http 200 https://registry.npmjs.org/underscore
73 silly registry.get cb [ 200,
73 silly registry.get   { date: 'Fri, 06 Feb 2015 13:33:14 GMT',
73 silly registry.get     server: 'CouchDB/1.5.0 (Erlang OTP/R16B03)',
73 silly registry.get     etag: '"9STRU8DFJIB75SXR6M7PHON5G"',
73 silly registry.get     'content-type': 'application/json',
73 silly registry.get     'cache-control': 'max-age=60',
73 silly registry.get     'content-length': '33864',
73 silly registry.get     'accept-ranges': 'bytes',
73 silly registry.get     via: '1.1 varnish',
73 silly registry.get     age: '48',
73 silly registry.get     'x-served-by': 'cache-dfw1830-DFW',
73 silly registry.get     'x-cache': 'HIT',
73 silly registry.get     'x-cache-hits': '1',
73 silly registry.get     'x-timer': 'S1423229594.876900,VS0,VE0',
73 silly registry.get     vary: 'Accept',
73 silly registry.get     'keep-alive': 'timeout=10, max=50',
73 silly registry.get     connection: 'Keep-Alive' } ]
74 silly addNameRange number 2 { name: 'underscore',
74 silly addNameRange   range: '>=1.6.0-0 <2.0.0-0',
74 silly addNameRange   hasData: true }
75 silly addNameRange versions [ 'underscore',
75 silly addNameRange   [ '1.0.3',
75 silly addNameRange     '1.0.4',
75 silly addNameRange     '1.1.0',
75 silly addNameRange     '1.1.1',
75 silly addNameRange     '1.1.2',
75 silly addNameRange     '1.1.3',
75 silly addNameRange     '1.1.4',
75 silly addNameRange     '1.1.5',
75 silly addNameRange     '1.1.6',
75 silly addNameRange     '1.1.7',
75 silly addNameRange     '1.2.0',
75 silly addNameRange     '1.2.1',
75 silly addNameRange     '1.2.2',
75 silly addNameRange     '1.2.3',
75 silly addNameRange     '1.2.4',
75 silly addNameRange     '1.3.0',
75 silly addNameRange     '1.3.1',
75 silly addNameRange     '1.3.2',
75 silly addNameRange     '1.3.3',
75 silly addNameRange     '1.4.0',
75 silly addNameRange     '1.4.1',
75 silly addNameRange     '1.4.2',
75 silly addNameRange     '1.4.3',
75 silly addNameRange     '1.4.4',
75 silly addNameRange     '1.5.0',
75 silly addNameRange     '1.5.1',
75 silly addNameRange     '1.5.2',
75 silly addNameRange     '1.6.0',
75 silly addNameRange     '1.7.0' ] ]
76 verbose addNamed [ 'underscore', '1.7.0' ]
77 verbose addNamed [ '1.7.0', '1.7.0' ]
78 silly lockFile 900da168-underscore-1-7-0 underscore@1.7.0
79 verbose lock underscore@1.7.0 C:\Users\dcjacobs\AppData\Roaming\npm-cache\900da168-underscore-1-7-0.lock
80 silly lockFile 900da168-underscore-1-7-0 underscore@1.7.0
81 silly lockFile 900da168-underscore-1-7-0 underscore@1.7.0
82 silly lockFile 523107c6-underscore-1-6-0 underscore@^1.6.0
83 silly lockFile 523107c6-underscore-1-6-0 underscore@^1.6.0
84 http 200 https://registry.npmjs.org/node-twitter-api
85 silly registry.get cb [ 200,
85 silly registry.get   { date: 'Fri, 06 Feb 2015 13:33:15 GMT',
85 silly registry.get     server: 'CouchDB/1.5.0 (Erlang OTP/R16B03)',
85 silly registry.get     etag: '"5X1OSN3N87IZSVQZSYF9HC8E1"',
85 silly registry.get     'content-type': 'application/json',
85 silly registry.get     'cache-control': 'max-age=60',
85 silly registry.get     'content-length': '24971',
85 silly registry.get     'accept-ranges': 'bytes',
85 silly registry.get     via: '1.1 varnish',
85 silly registry.get     age: '0',
85 silly registry.get     'x-served-by': 'cache-dfw1829-DFW',
85 silly registry.get     'x-cache': 'MISS',
85 silly registry.get     'x-cache-hits': '0',
85 silly registry.get     'x-timer': 'S1423229594.871700,VS0,VE328',
85 silly registry.get     vary: 'Accept',
85 silly registry.get     'keep-alive': 'timeout=10, max=50',
85 silly registry.get     connection: 'Keep-Alive' } ]
86 silly addNameRange number 2 { name: 'node-twitter-api',
86 silly addNameRange   range: '>=1.5.0-0 <2.0.0-0',
86 silly addNameRange   hasData: true }
87 silly addNameRange versions [ 'node-twitter-api',
87 silly addNameRange   [ '0.0.1',
87 silly addNameRange     '0.0.2',
87 silly addNameRange     '0.0.3',
87 silly addNameRange     '0.0.3-1',
87 silly addNameRange     '0.0.4',
87 silly addNameRange     '1.1.0',
87 silly addNameRange     '1.1.1',
87 silly addNameRange     '1.1.2',
87 silly addNameRange     '1.1.3',
87 silly addNameRange     '1.1.4',
87 silly addNameRange     '1.2.0',
87 silly addNameRange     '1.2.1',
87 silly addNameRange     '1.2.2',
87 silly addNameRange     '1.2.3',
87 silly addNameRange     '1.2.4',
87 silly addNameRange     '1.3.0',
87 silly addNameRange     '1.4.0',
87 silly addNameRange     '1.5.0' ] ]
88 verbose addNamed [ 'node-twitter-api', '1.5.0' ]
89 verbose addNamed [ '1.5.0', '1.5.0' ]
90 silly lockFile c3ee4a27-node-twitter-api-1-5-0 node-twitter-api@1.5.0
91 verbose lock node-twitter-api@1.5.0 C:\Users\dcjacobs\AppData\Roaming\npm-cache\c3ee4a27-node-twitter-api-1-5-0.lock
92 silly lockFile 83247958-r-api-node-twitter-api-1-5-0-tgz https://registry.npmjs.org/node-twitter-api/-/node-twitter-api-1.5.0.tgz
93 verbose lock https://registry.npmjs.org/node-twitter-api/-/node-twitter-api-1.5.0.tgz C:\Users\dcjacobs\AppData\Roaming\npm-cache\83247958-r-api-node-twitter-api-1-5-0-tgz.lock
94 verbose addRemoteTarball [ 'https://registry.npmjs.org/node-twitter-api/-/node-twitter-api-1.5.0.tgz',
94 verbose addRemoteTarball   'b51290a5b9c79b061d4cd7ef218db1cf621264f1' ]
95 info retry fetch attempt 1 at 07:33:23
96 verbose fetch to= C:\Users\dcjacobs\AppData\Local\Temp\2\npm-6096-dlO2ZDtW\registry.npmjs.org\node-twitter-api\-\node-twitter-api-1.5.0.tgz
97 http GET https://registry.npmjs.org/node-twitter-api/-/node-twitter-api-1.5.0.tgz
98 http 200 https://registry.npmjs.org/node-twitter-api/-/node-twitter-api-1.5.0.tgz
99 silly lockFile 83247958-r-api-node-twitter-api-1-5-0-tgz https://registry.npmjs.org/node-twitter-api/-/node-twitter-api-1.5.0.tgz
100 silly lockFile 83247958-r-api-node-twitter-api-1-5-0-tgz https://registry.npmjs.org/node-twitter-api/-/node-twitter-api-1.5.0.tgz
101 silly lockFile c3ee4a27-node-twitter-api-1-5-0 node-twitter-api@1.5.0
102 silly lockFile c3ee4a27-node-twitter-api-1-5-0 node-twitter-api@1.5.0
103 silly lockFile f237fde2-node-twitter-api-1-5-0 node-twitter-api@^1.5.0
104 silly lockFile f237fde2-node-twitter-api-1-5-0 node-twitter-api@^1.5.0
105 error notarget No compatible version found: watch@'>=0.13.1-0 <0.14.0-0'
105 error notarget Valid install targets:
105 error notarget ["0.1.0","0.2.0","0.2.1","0.3.0","0.3.1","0.3.2","0.3.3","0.4.0","0.5.0","0.5.1","0.6.0","0.7.0","0.8.0","0.9.0","0.10.0","0.11.0","0.12.0","0.13.0"]
105 error notarget
105 error notarget This is most likely not a problem with npm itself.
105 error notarget In most cases you or one of your dependencies are requesting
105 error notarget a package version that doesn't exist.
106 error System Windows_NT 6.1.7601
107 error command "C:\\Program Files\\nodejs\\\\node.exe" "C:\\Program Files\\nodejs\\node_modules\\npm\\bin\\npm-cli.js" "install"
108 error cwd C:\Users\dcjacobs\Dropbox\Files\cud
109 error node -v v0.10.34
110 error npm -v 1.4.28
111 error code ETARGET
112 verbose exit [ 1, true ]
